This is pdfTeX, Version 3.1415926-2.3-1.40.12 (TeX Live 2011) (format=pdflatex 2011.8.9)  27 APR 2012 19:41
entering extended mode
 restricted \write18 enabled.
 %&-line parsing enabled.
**./finalReport.tex
(./finalReport.tex
LaTeX2e <2011/06/27>
Babel <v3.8m> and hyphenation patterns for english, dumylang, nohyphenation, ge
rman-x-2011-07-01, ngerman-x-2011-07-01, afrikaans, ancientgreek, ibycus, arabi
c, armenian, basque, bulgarian, catalan, pinyin, coptic, croatian, czech, danis
h, dutch, ukenglish, usenglishmax, esperanto, estonian, ethiopic, farsi, finnis
h, french, galician, german, ngerman, swissgerman, monogreek, greek, hungarian,
 icelandic, assamese, bengali, gujarati, hindi, kannada, malayalam, marathi, or
iya, panjabi, tamil, telugu, indonesian, interlingua, irish, italian, kurmanji,
 lao, latin, latvian, lithuanian, mongolian, mongolianlmc, bokmal, nynorsk, pol
ish, portuguese, romanian, russian, sanskrit, serbian, serbianc, slovak, sloven
ian, spanish, swedish, turkish, turkmen, ukrainian, uppersorbian, welsh, loaded
.
(/package/texlive/2011/x86_64-Linux/texmf-dist/tex/latex/base/report.cls
Document Class: report 2007/10/19 v1.4h Standard LaTeX document class
(/package/texlive/2011/x86_64-Linux/texmf-dist/tex/latex/base/size12.clo
File: size12.clo 2007/10/19 v1.4h Standard LaTeX file (size option)
)
\c@part=\count79
\c@chapter=\count80
\c@section=\count81
\c@subsection=\count82
\c@subsubsection=\count83
\c@paragraph=\count84
\c@subparagraph=\count85
\c@figure=\count86
\c@table=\count87
\abovecaptionskip=\skip41
\belowcaptionskip=\skip42
\bibindent=\dimen102
)
(/package/texlive/2011/x86_64-Linux/texmf-dist/tex/latex/preprint/fullpage.sty
Package: fullpage 1999/02/23 1.1 (PWD)
\FP@margin=\skip43
) (/package/texlive/2011/x86_64-Linux/texmf-dist/tex/latex/titlesec/titlesec.st
y
Package: titlesec 2011/07/25 v2.9 Sectioning titles
\ttl@box=\box26
\beforetitleunit=\skip44
\aftertitleunit=\skip45
\ttl@plus=\dimen103
\ttl@minus=\dimen104
\ttl@toksa=\toks14
\titlewidth=\dimen105
\titlewidthlast=\dimen106
\titlewidthfirst=\dimen107
)
(/package/texlive/2011/x86_64-Linux/texmf-dist/tex/latex/graphics/graphicx.sty
Package: graphicx 1999/02/16 v1.0f Enhanced LaTeX Graphics (DPC,SPQR)

(/package/texlive/2011/x86_64-Linux/texmf-dist/tex/latex/graphics/keyval.sty
Package: keyval 1999/03/16 v1.13 key=value parser (DPC)
\KV@toks@=\toks15
)
(/package/texlive/2011/x86_64-Linux/texmf-dist/tex/latex/graphics/graphics.sty
Package: graphics 2009/02/05 v1.0o Standard LaTeX Graphics (DPC,SPQR)

(/package/texlive/2011/x86_64-Linux/texmf-dist/tex/latex/graphics/trig.sty
Package: trig 1999/03/16 v1.09 sin cos tan (DPC)
)
(/package/texlive/2011/x86_64-Linux/texmf-dist/tex/latex/latexconfig/graphics.c
fg
File: graphics.cfg 2010/04/23 v1.9 graphics configuration of TeX Live
)
Package graphics Info: Driver file: pdftex.def on input line 91.

(/package/texlive/2011/x86_64-Linux/texmf-dist/tex/latex/pdftex-def/pdftex.def
File: pdftex.def 2011/05/27 v0.06d Graphics/color for pdfTeX

(/package/texlive/2011/x86_64-Linux/texmf-dist/tex/generic/oberdiek/infwarerr.s
ty
Package: infwarerr 2010/04/08 v1.3 Providing info/warning/message (HO)
)
(/package/texlive/2011/x86_64-Linux/texmf-dist/tex/generic/oberdiek/ltxcmds.sty
Package: ltxcmds 2011/04/18 v1.20 LaTeX kernel commands for general use (HO)
)
\Gread@gobject=\count88
))
\Gin@req@height=\dimen108
\Gin@req@width=\dimen109
)
(/package/texlive/2011/x86_64-Linux/texmf-dist/tex/latex/tools/indentfirst.sty
Package: indentfirst 1995/11/23 v1.03 Indent first paragraph (DPC)
) (/package/texlive/2011/x86_64-Linux/texmf-dist/tex/latex/siunitx/siunitx.sty
(/package/texlive/2011/x86_64-Linux/texmf-dist/tex/latex/l3kernel/expl3.sty
(/package/texlive/2011/x86_64-Linux/texmf-dist/tex/latex/l3kernel/l3names.sty
(/package/texlive/2011/x86_64-Linux/texmf-dist/tex/latex/l3kernel/l3bootstrap.s
ty
Package: l3bootstrap 2011/06/19 v2478 L3 Experimental bootstrap code
)
Package: l3names 2011/06/19 v2478 L3 Experimental namespace for primitives
) (/package/texlive/2011/x86_64-Linux/texmf-dist/tex/latex/etex-pkg/etex.sty
Package: etex 1998/03/26 v2.0 eTeX basic definition package (PEB)
\et@xins=\count89
) (/package/texlive/2011/x86_64-Linux/texmf-dist/tex/latex/tools/calc.sty
Package: calc 2007/08/22 v4.3 Infix arithmetic (KKT,FJ)
\calc@Acount=\count90
\calc@Bcount=\count91
\calc@Adimen=\dimen110
\calc@Bdimen=\dimen111
\calc@Askip=\skip46
\calc@Bskip=\skip47
LaTeX Info: Redefining \setlength on input line 76.
LaTeX Info: Redefining \addtolength on input line 77.
\calc@Ccount=\count92
\calc@Cskip=\skip48
)
Package: expl3 2011/06/19 v2478 L3 Experimental code bundle wrapper

(/package/texlive/2011/x86_64-Linux/texmf-dist/tex/latex/l3kernel/l3basics.sty
Package: l3basics 2011/07/04 v2493 L3 Experimental basic definitions
) (/package/texlive/2011/x86_64-Linux/texmf-dist/tex/latex/l3kernel/l3expan.sty
Package: l3expan 2011/06/20 v2480 L3 Experimental argument expansion
) (/package/texlive/2011/x86_64-Linux/texmf-dist/tex/latex/l3kernel/l3tl.sty
Package: l3tl 2011/07/09 v2498 L3 Experimental token lists
)
(/package/texlive/2011/x86_64-Linux/texmf-dist/tex/latex/l3kernel/l3seq.sty
Package: l3seq 2011/06/19 v2478 L3 Experimental sequences and stacks
)
(/package/texlive/2011/x86_64-Linux/texmf-dist/tex/latex/l3kernel/l3int.sty
Package: l3int 2011/06/19 v2478 L3 Experimental integers
\c_max_int=\count93
\l_tmpa_int=\count94
\l_tmpb_int=\count95
\l_tmpc_int=\count96
\g_tmpa_int=\count97
\g_tmpb_int=\count98
\g_seq_nesting_depth_int=\count99
\g_tl_inline_level_int=\count100
)
(/package/texlive/2011/x86_64-Linux/texmf-dist/tex/latex/l3kernel/l3quark.sty
Package: l3quark 2011/06/19 v2478 L3 Experimental quarks
)
(/package/texlive/2011/x86_64-Linux/texmf-dist/tex/latex/l3kernel/l3prg.sty
Package: l3prg 2011/07/06 v2495 L3 Experimental control structures
\g_prg_stepwise_level_int=\count101
)
(/package/texlive/2011/x86_64-Linux/texmf-dist/tex/latex/l3kernel/l3clist.sty
Package: l3clist 2011/07/09 v2498 L3 Experimental comma separated lists
\g_clist_map_inline_int=\count102
)
(/package/texlive/2011/x86_64-Linux/texmf-dist/tex/latex/l3kernel/l3token.sty
Package: l3token 2011/07/02 v2491 L3 Experimental token manipulation
)
(/package/texlive/2011/x86_64-Linux/texmf-dist/tex/latex/l3kernel/l3prop.sty
Package: l3prop 2011/06/19 v2478 L3 Experimental property lists
\g_prop_map_inline_int=\count103
)
(/package/texlive/2011/x86_64-Linux/texmf-dist/tex/latex/l3kernel/l3msg.sty
Package: l3msg 2011/06/19 v2478 L3 Experimental messages
)
(/package/texlive/2011/x86_64-Linux/texmf-dist/tex/latex/l3kernel/l3io.sty
Package: l3io 2011/06/19 v2478 L3 Experimental input-output operations
\l_iow_stream_int=\count104
\l_iow_line_length_int=\count105
\l_iow_target_length_int=\count106
\l_iow_current_line_int=\count107
\l_iow_current_word_int=\count108
)
(/package/texlive/2011/x86_64-Linux/texmf-dist/tex/latex/l3kernel/l3file.sty
Package: l3file 2011/06/19 v2478 L3 Experimental file operations
)
(/package/texlive/2011/x86_64-Linux/texmf-dist/tex/latex/l3kernel/l3skip.sty
Package: l3skip 2011/06/19 v2478 L3 Experimental dimensions and skips
\l_tmpa_dim=\dimen112
\l_tmpb_dim=\dimen113
\l_tmpc_dim=\dimen114
\g_tmpa_dim=\dimen115
\g_tmpb_dim=\dimen116
\l_tmpa_skip=\skip49
\l_tmpb_skip=\skip50
\l_tmpc_skip=\skip51
\g_tmpa_skip=\skip52
\g_tmpb_skip=\skip53
)
(/package/texlive/2011/x86_64-Linux/texmf-dist/tex/latex/l3kernel/l3box.sty
Package: l3box 2011/06/19 v2478 L3 Experimental boxes
\l_tmpb_box=\box27
)
(/package/texlive/2011/x86_64-Linux/texmf-dist/tex/latex/l3kernel/l3keyval.sty
Package: l3keyval 2011/06/19 v2478 L3 Experimental key-value parsing
\g_keyval_level_int=\count109
) (/package/texlive/2011/x86_64-Linux/texmf-dist/tex/latex/l3kernel/l3keys.sty
Package: l3keys 2011/06/19 v2478 L3 Experimental key-value interfaces
\l_keys_choice_int=\count110
)
(/package/texlive/2011/x86_64-Linux/texmf-dist/tex/latex/l3kernel/l3fp.sty
Package: l3fp 2011/06/19 v2478 L3 Experimental floating-point operations
\c_one_million=\count111
\c_one_hundred_million=\count112
\c_five_hundred_million=\count113
\c_one_thousand_million=\count114
\c_fp_pi_by_four_decimal_int=\count115
\c_fp_pi_by_four_extended_int=\count116
\c_fp_pi_decimal_int=\count117
\c_fp_pi_extended_int=\count118
\c_fp_two_pi_decimal_int=\count119
\c_fp_two_pi_extended_int=\count120
\l_fp_count_int=\count121
\l_fp_div_offset_int=\count122
\l_fp_exp_integer_int=\count123
\l_fp_exp_decimal_int=\count124
\l_fp_exp_extended_int=\count125
\l_fp_exp_exponent_int=\count126
\l_fp_input_a_sign_int=\count127
\l_fp_input_a_integer_int=\count128
\l_fp_input_a_decimal_int=\count129
\l_fp_input_a_exponent_int=\count130
\l_fp_input_b_sign_int=\count131
\l_fp_input_b_integer_int=\count132
\l_fp_input_b_decimal_int=\count133
\l_fp_input_b_exponent_int=\count134
\l_fp_input_a_extended_int=\count135
\l_fp_input_b_extended_int=\count136
\l_fp_mul_a_i_int=\count137
\l_fp_mul_a_ii_int=\count138
\l_fp_mul_a_iii_int=\count139
\l_fp_mul_a_iv_int=\count140
\l_fp_mul_a_v_int=\count141
\l_fp_mul_a_vi_int=\count142
\l_fp_mul_b_i_int=\count143
\l_fp_mul_b_ii_int=\count144
\l_fp_mul_b_iii_int=\count145
\l_fp_mul_b_iv_int=\count146
\l_fp_mul_b_v_int=\count147
\l_fp_mul_b_vi_int=\count148
\l_fp_mul_output_int=\count149
\l_fp_output_sign_int=\count150
\l_fp_output_integer_int=\count151
\l_fp_output_decimal_int=\count152
\l_fp_output_exponent_int=\count153
\l_fp_output_extended_int=\count154
\l_fp_round_position_int=\count155
\l_fp_round_target_int=\count156
\l_fp_split_sign_int=\count157
\l_fp_tmp_int=\count158
\l_fp_trig_octant_int=\count159
\l_fp_trig_sign_int=\count160
\l_fp_trig_decimal_int=\count161
\l_fp_trig_extended_int=\count162
\l_fp_tmp_dim=\dimen117
\l_fp_tmp_skip=\skip54
)
(/package/texlive/2011/x86_64-Linux/texmf-dist/tex/latex/l3kernel/l3luatex.sty
Package: l3luatex 2011/06/19 v2478 L3 Experimental LuaTeX-specific functions
\g_cctab_allocate_int=\count163
\g_cctab_stack_int=\count164
) (/package/texlive/2011/x86_64-Linux/texmf-dist/tex/latex/l3kernel/l3toks.sty
Package: l3toks 2011/06/19 v2478 L3 Experimental token registers
\l_tmpb_toks=\toks16
\l_tmpc_toks=\toks17
\g_tmpa_toks=\toks18
\g_tmpb_toks=\toks19
\g_tmpc_toks=\toks20
\c_empty_toks=\toks21
\l_tl_replace_toks=\toks22
))
Package: siunitx 2011/07/09 v2.3a A comprehensive (SI) units package

(/package/texlive/2011/x86_64-Linux/texmf-dist/tex/latex/l3packages/xparse/xpar
se.sty
Package: xparse 2011/07/02 v2492 L3 Experimental document command parser
\l_xparse_m_args_int=\count165
\l_xparse_mandatory_args_int=\count166
\l_xparse_processor_int=\count167
\l_xparse_total_args_int=\count168
)
(/package/texlive/2011/x86_64-Linux/texmf-dist/tex/latex/amsmath/amstext.sty
Package: amstext 2000/06/29 v2.01

(/package/texlive/2011/x86_64-Linux/texmf-dist/tex/latex/amsmath/amsgen.sty
File: amsgen.sty 1999/11/30 v2.0
\@emptytoks=\toks23
\ex@=\dimen118
))
(/package/texlive/2011/x86_64-Linux/texmf-dist/tex/latex/tools/array.sty
Package: array 2008/09/09 v2.4c Tabular extension package (FMi)
\col@sep=\dimen119
\extrarowheight=\dimen120
\NC@list=\toks24
\extratabsurround=\skip55
\backup@length=\skip56
)
(/package/texlive/2011/x86_64-Linux/texmf-dist/tex/latex/l3packages/l3keys2e/l3
keys2e.sty
Package: l3keys2e 2011/07/02 v2492 LaTeX2e option processing using LaTeX3 keys
)
\l_siunitx_tmp_box=\box28
\l_siunitx_tmp_dim=\dimen121
\l_siunitx_tmp_int=\count169
\l_siunitx_number_mantissa_length_int=\count170
\l_siunitx_number_uncert_length_int=\count171
\l_siunitx_round_int=\count172
\l_siunitx_process_decimal_int=\count173
\l_siunitx_process_uncertainty_int=\count174
\l_siunitx_process_fixed_int=\count175
\l_siunitx_process_integer_min_int=\count176
\l_siunitx_process_precision_int=\count177
\l_siunitx_group_min_int=\count178
\l_siunitx_angle_marker_box=\box29
\l_siunitx_angle_unit_box=\box30
\l_siunitx_angle_marker_dim=\dimen122
\l_siunitx_angle_unit_dim=\dimen123
\l_siunitx_unit_int=\count179
\l_siunitx_unit_denominator_int=\count180
\l_siunitx_unit_numerator_int=\count181
\l_siunitx_unit_prefix_int=\count182
\l_siunitx_unit_prefix_base_int=\count183
\l_siunitx_unit_prefix_gram_int=\count184
\l_siunitx_number_product_int=\count185
\c_siunitx_one_fill_skip=\skip57
\l_siunitx_table_unit_align_skip=\skip58
\l_siunitx_table_exponent_dim=\dimen124
\l_siunitx_table_integer_dim=\dimen125
\l_siunitx_table_mantissa_dim=\dimen126
\l_siunitx_table_marker_dim=\dimen127
\l_siunitx_table_result_dim=\dimen128
\l_siunitx_table_uncert_dim=\dimen129
\l_siunitx_table_fill_pre_dim=\dimen130
\l_siunitx_table_fill_post_dim=\dimen131
\l_siunitx_table_fill_mid_dim=\dimen132
\l_siunitx_table_pre_box=\box31
\l_siunitx_table_post_box=\box32
\l_siunitx_table_mantissa_box=\box33
\l_siunitx_table_result_box=\box34
\l_siunitx_table_number_align_skip=\skip59
\l_siunitx_table_text_align_skip=\skip60
.................................................
. xparse info: "define-command"
. 
. Defining document command \DeclareBinaryPrefix with arg. spec. 'mmm' on line
. 6915.
.................................................
.................................................
. xparse info: "define-command"
. 
. Defining document command \DeclareSIPostPower with arg. spec. 'mm' on line
. 6918.
.................................................
.................................................
. xparse info: "define-command"
. 
. Defining document command \DeclareSIPrefix with arg. spec. 'mmm' on line
. 6921.
.................................................
.................................................
. xparse info: "define-command"
. 
. Defining document command \DeclareSIPrePower with arg. spec. 'mm' on line
. 6924.
.................................................
.................................................
. xparse info: "define-command"
. 
. Defining document command \DeclareSIQualifier with arg. spec. 'mm' on line
. 6927.
.................................................
.................................................
. xparse info: "define-command"
. 
. Defining document command \DeclareSIUnit with arg. spec. 'O{}mm' on line
. 6930.
.................................................
.................................................
. xparse info: "define-command"
. 
. Defining document command \DeclareSIUnitWithOptions with arg. spec. 'mmm' on
. line 6933.
.................................................
.................................................
. xparse info: "define-command"
. 
. Defining document command \ang with arg. spec. 'o>{\SplitArgument {2}{;}}m'
. on line 6948.
.................................................
.................................................
. xparse info: "define-command"
. 
. Defining document command \num with arg. spec. 'om' on line 6955.
.................................................
.................................................
. xparse info: "define-command"
. 
. Defining document command \numlist with arg. spec. 'o>{\SplitList {;}}m' on
. line 6962.
.................................................
.................................................
. xparse info: "define-command"
. 
. Defining document command \numrange with arg. spec. 'omm' on line 6969.
.................................................
.................................................
. xparse info: "define-command"
. 
. Defining document command \SIlist with arg. spec. 'o>{\SplitList {;}}mm' on
. line 6979.
.................................................
.................................................
. xparse info: "define-command"
. 
. Defining document command \SIrange with arg. spec. 'ommm' on line 6989.
.................................................
.................................................
. xparse info: "define-command"
. 
. Defining document command \SI with arg. spec. 'omom' on line 6999.
.................................................
.................................................
. xparse info: "define-command"
. 
. Defining document command \sisetup with arg. spec. 'm' on line 7002.
.................................................
.................................................
. xparse info: "define-command"
. 
. Defining document command \tablenum with arg. spec. 'om' on line 7013.
.................................................
.................................................
. xparse info: "define-command"
. 
. Defining document command \si with arg. spec. 'om' on line 7023.
.................................................
.................................................
. xparse info: "define-command"
. 
. Defining document command \siunitx_bookmark_num:w with arg. spec. 'om' on
. line 7061.
.................................................
.................................................
. xparse info: "define-command"
. 
. Defining document command \siunitx_bookmark_numrange:w with arg. spec. 'omm'
. on line 7063.
.................................................
.................................................
. xparse info: "define-command"
. 
. Defining document command \siunitx_bookmark_SI:w with arg. spec. 'omom' on
. line 7065.
.................................................
.................................................
. xparse info: "define-command"
. 
. Defining document command \siunitx_bookmark_SIlist:w with arg. spec. 'omm'
. on line 7067.
.................................................
.................................................
. xparse info: "define-command"
. 
. Defining document command \siunitx_bookmark_SIrange:w with arg. spec. 'ommm'
. on line 7069.
.................................................
.................................................
. xparse info: "define-command"
. 
. Defining document command \siunitx_bookmark_si:w with arg. spec. 'om' on
. line 7070.
.................................................
\g_ior_tmp_stream=\read1

(/package/texlive/2011/x86_64-Linux/texmf-dist/tex/latex/beamer/translator/tran
slator.sty
Package: translator 2010/06/12 ver 1.10

(/package/texlive/2011/x86_64-Linux/texmf-dist/tex/latex/beamer/translator/tran
slator-language-mappings.tex)))

LaTeX Warning: Unused global option(s):
    [letter].

(./finalReport.aux)
\openout1 = `finalReport.aux'.

LaTeX Font Info:    Checking defaults for OML/cmm/m/it on input line 17.
LaTeX Font Info:    ... okay on input line 17.
LaTeX Font Info:    Checking defaults for T1/cmr/m/n on input line 17.
LaTeX Font Info:    ... okay on input line 17.
LaTeX Font Info:    Checking defaults for OT1/cmr/m/n on input line 17.
LaTeX Font Info:    ... okay on input line 17.
LaTeX Font Info:    Checking defaults for OMS/cmsy/m/n on input line 17.
LaTeX Font Info:    ... okay on input line 17.
LaTeX Font Info:    Checking defaults for OMX/cmex/m/n on input line 17.
LaTeX Font Info:    ... okay on input line 17.
LaTeX Font Info:    Checking defaults for U/cmr/m/n on input line 17.
LaTeX Font Info:    ... okay on input line 17.

(/package/texlive/2011/x86_64-Linux/texmf-dist/tex/context/base/supp-pdf.mkii
[Loading MPS to PDF converter (version 2006.09.02).]
\scratchcounter=\count186
\scratchdimen=\dimen133
\scratchbox=\box35
\nofMPsegments=\count187
\nofMParguments=\count188
\everyMPshowfont=\toks25
\MPscratchCnt=\count189
\MPscratchDim=\dimen134
\MPnumerator=\count190
\makeMPintoPDFobject=\count191
\everyMPtoPDFconversion=\toks26
)
(/package/texlive/2011/x86_64-Linux/texmf-dist/tex/generic/oberdiek/pdftexcmds.
sty
Package: pdftexcmds 2011/04/22 v0.16 Utilities of pdfTeX for LuaTeX (HO)

(/package/texlive/2011/x86_64-Linux/texmf-dist/tex/generic/oberdiek/ifluatex.st
y
Package: ifluatex 2010/03/01 v1.3 Provides the ifluatex switch (HO)
Package ifluatex Info: LuaTeX not detected.
)
(/package/texlive/2011/x86_64-Linux/texmf-dist/tex/generic/oberdiek/ifpdf.sty
Package: ifpdf 2011/01/30 v2.3 Provides the ifpdf switch (HO)
Package ifpdf Info: pdfTeX in PDF mode is detected.
)
Package pdftexcmds Info: LuaTeX not detected.
Package pdftexcmds Info: \pdf@primitive is available.
Package pdftexcmds Info: \pdf@ifprimitive is available.
Package pdftexcmds Info: \pdfdraftmode found.
)
(/package/texlive/2011/x86_64-Linux/texmf-dist/tex/latex/oberdiek/epstopdf-base
.sty
Package: epstopdf-base 2010/02/09 v2.5 Base part for package epstopdf

(/package/texlive/2011/x86_64-Linux/texmf-dist/tex/latex/oberdiek/grfext.sty
Package: grfext 2010/08/19 v1.1 Managing graphics extensions (HO)

(/package/texlive/2011/x86_64-Linux/texmf-dist/tex/generic/oberdiek/kvdefinekey
s.sty
Package: kvdefinekeys 2011/04/07 v1.3 Defining keys (HO)
))
(/package/texlive/2011/x86_64-Linux/texmf-dist/tex/latex/oberdiek/kvoptions.sty
Package: kvoptions 2010/12/23 v3.10 Keyval support for LaTeX options (HO)

(/package/texlive/2011/x86_64-Linux/texmf-dist/tex/generic/oberdiek/kvsetkeys.s
ty
Package: kvsetkeys 2011/04/07 v1.13 Key value parser (HO)

(/package/texlive/2011/x86_64-Linux/texmf-dist/tex/generic/oberdiek/etexcmds.st
y
Package: etexcmds 2011/02/16 v1.5 Prefix for e-TeX command names (HO)
Package etexcmds Info: Could not find \expanded.
(etexcmds)             That can mean that you are not using pdfTeX 1.50 or
(etexcmds)             that some package has redefined \expanded.
(etexcmds)             In the latter case, load this package earlier.
)))
Package grfext Info: Graphics extension search list:
(grfext)             [.png,.pdf,.jpg,.mps,.jpeg,.jbig2,.jb2,.PNG,.PDF,.JPG,.JPE
G,.JBIG2,.JB2,.eps]
(grfext)             \AppendGraphicsExtensions on input line 452.

(/package/texlive/2011/x86_64-Linux/texmf-dist/tex/latex/latexconfig/epstopdf-s
ys.cfg
File: epstopdf-sys.cfg 2010/07/13 v1.3 Configuration of (r)epstopdf for TeX Liv
e
))
(/package/texlive/2011/x86_64-Linux/texmf-dist/tex/latex/beamer/translator/dict
s/translator-basic-dictionary/translator-basic-dictionary-English.dict
Dictionary: translator-basic-dictionary, Language: English 
)
(/package/texlive/2011/x86_64-Linux/texmf-dist/tex/latex/siunitx/config/siunitx
-abbreviations.cfg
File: siunitx-abbreviations.cfg 2011/07/09 v2.3a siunitx: Abbreviated units
)
(/package/texlive/2011/x86_64-Linux/texmf-dist/tex/latex/siunitx/config/siunitx
-binary.cfg
File: siunitx-binary.cfg 2011/07/09 v2.3a siunitx: Binary units
)
\c_siunitx_mathsf_int=\count192
LaTeX Font Info:    External font `cmex10' loaded for size
(Font)              <12> on input line 17.
LaTeX Font Info:    External font `cmex10' loaded for size
(Font)              <8> on input line 17.
LaTeX Font Info:    External font `cmex10' loaded for size
(Font)              <6> on input line 17.
\c_siunitx_mathtt_int=\count193
 (./titlePage.tex [1

{/package/texlive/2011/x86_64-Linux/texmf-var/fonts/map/pdftex/updmap/pdftex.ma
p}]) (./finalReport.toc)
\tf@toc=\write3
\openout3 = `finalReport.toc'.

 [1

]
 1.
[2

]
 2.
<usageDiagram.png, id=16, 911.405pt x 583.17876pt>
File: usageDiagram.png Graphic file (type png)
 <use usageDiagram.png>
Package pdftex.def Info: usageDiagram.png used on input line 31.
(pdftex.def)             Requested size: 399.29463pt x 255.49602pt.

[3

 <./usageDiagram.png>]
Overfull \hbox (5.80006pt too wide) in paragraph at lines 49--49
[]|\OT1/cmr/bx/n/12 Number
 []


Underfull \hbox (badness 10000) in paragraph at lines 49--49
[]|\OT1/cmr/bx/n/12 Description and
 []


Underfull \hbox (badness 1137) in paragraph at lines 50--50
[]|\OT1/cmr/m/n/12 Clock sig-nal for the
 []


Underfull \hbox (badness 10000) in paragraph at lines 51--51
[]|\OT1/cmr/m/n/12 Asynchronous re-set
 []


Underfull \hbox (badness 10000) in paragraph at lines 55--55
[]|\OT1/cmr/m/n/12 LSB NRZI,
 []


Underfull \hbox (badness 2285) in paragraph at lines 55--55
\OT1/cmr/m/n/12 in-verted Data+
 []


Underfull \hbox (badness 10000) in paragraph at lines 57--57
[]|\OT1/cmr/m/n/12 LSB NRZI,
 []


Underfull \hbox (badness 2285) in paragraph at lines 57--57
\OT1/cmr/m/n/12 in-verted Data+
 []


Underfull \hbox (badness 2103) in paragraph at lines 59--59
[]|\OT1/cmr/m/n/12 Chip Se-lect for mi-
 []


Overfull \hbox (6.068pt too wide) in paragraph at lines 47--62
 [][] 
 []

[4] <OperationalTimeline.png, id=25, 1102.1175pt x 839.135pt>
File: OperationalTimeline.png Graphic file (type png)

<use OperationalTimeline.png>
Package pdftex.def Info: OperationalTimeline.png used on input line 68.
(pdftex.def)             Requested size: 399.29463pt x 304.02179pt.
 [5 <./OperationalTimeline.png>]
Missing character: There is no â in font cmr12!
Missing character: There is no € in font cmr12!
Missing character: There is no ™ in font cmr12!
 [6] [7]
 3.
<topLevel.png, id=39, 1107.13625pt x 850.17625pt>
File: topLevel.png Graphic file (type png)
 <use topLevel.png>
Package pdftex.def Info: topLevel.png used on input line 100.
(pdftex.def)             Requested size: 446.26582pt x 342.68495pt.
 [8

 <./topLevel.png>] <controllerTrans.png, id=44, 770.88pt x 639.38875pt>
File: controllerTrans.png Graphic file (type png)

<use controllerTrans.png>
Package pdftex.def Info: controllerTrans.png used on input line 122.
(pdftex.def)             Requested size: 352.31625pt x 292.21991pt.
 [9 <./controllerTrans.png>]
<decoderBlock.png, id=49, 963.6pt x 722.7pt>
File: decoderBlock.png Graphic file (type png)
 <use decoderBlock.png>
Package pdftex.def Info: decoderBlock.png used on input line 130.
(pdftex.def)             Requested size: 352.31625pt x 264.22992pt.

<decoderTrans.png, id=50, 853.1875pt x 564.1075pt>
File: decoderTrans.png Graphic file (type png)
 <use decoderTrans.png>
Package pdftex.def Info: decoderTrans.png used on input line 135.
(pdftex.def)             Requested size: 352.31625pt x 232.94682pt.

[10 <./decoderBlock.png> <./decoderTrans.png>]
<interceptorBlock.png, id=56, 963.6pt x 722.7pt>
File: interceptorBlock.png Graphic file (type png)
 <use interceptorBlock.png>
Package pdftex.def Info: interceptorBlock.png used on input line 142.
(pdftex.def)             Requested size: 352.31625pt x 264.22992pt.

<interceptorTrans.png, id=57, 1001.7425pt x 596.2275pt>
File: interceptorTrans.png Graphic file (type png)

<use interceptorTrans.png>
Package pdftex.def Info: interceptorTrans.png used on input line 147.
(pdftex.def)             Requested size: 352.31625pt x 209.6926pt.


LaTeX Warning: `!h' float specifier changed to `!ht'.

[11 <./interceptorBlock.png>] <sdBlock.png, id=62, 963.6pt x 722.7pt>
File: sdBlock.png Graphic file (type png)

<use sdBlock.png>
Package pdftex.def Info: sdBlock.png used on input line 155.
(pdftex.def)             Requested size: 328.82707pt x 246.619pt.
 <sdTrans.png, id=63, 963.6pt x 722.7pt>
File: sdTrans.png Graphic file (type png)
 <use sdTrans.png>
Package pdftex.def Info: sdTrans.png used on input line 161.
(pdftex.def)             Requested size: 342.91914pt x 257.18335pt.

[12 <./interceptorTrans.png> <./sdBlock.png>]
LaTeX Font Info:    External font `cmex10' loaded for size
(Font)              <7> on input line 164.
 [13 <./sdTrans.png>]
LaTeX Font Info:    Try loading font information for TS1+cmr on input line 178.


(/package/texlive/2011/x86_64-Linux/texmf-dist/tex/latex/base/ts1cmr.fd
File: ts1cmr.fd 1999/05/25 v2.5h Standard LaTeX font definitions
)
[14] [15]
 4.
[16

] [17] [18]
 5.
<virtuoso.png, id=93, 1369.115pt x 683.55376pt>
File: virtuoso.png Graphic file (type png)
 <use virtuoso.png>
Package pdftex.def Info: virtuoso.png used on input line 226.
(pdftex.def)             Requested size: 446.26582pt x 222.79901pt.
 [19

 <./virtuoso.png>]
 6.
[20

]
Appendix A.
(./appendixa.tex
Underfull \hbox (badness 10000) in paragraph at lines 2--3

 []


Underfull \hbox (badness 10000) in paragraph at lines 4--5

 []


Underfull \hbox (badness 10000) in paragraph at lines 5--6

 []


Underfull \hbox (badness 10000) in paragraph at lines 6--7

 []


Underfull \hbox (badness 10000) in paragraph at lines 7--8

 []


Underfull \hbox (badness 10000) in paragraph at lines 8--9

 []


Underfull \hbox (badness 10000) in paragraph at lines 9--10

 []


Underfull \hbox (badness 10000) in paragraph at lines 10--11

 []


Underfull \hbox (badness 10000) in paragraph at lines 11--12

 []


Underfull \hbox (badness 10000) in paragraph at lines 12--13

 []


Underfull \hbox (badness 10000) in paragraph at lines 13--14

 []


Underfull \hbox (badness 10000) in paragraph at lines 14--15

 []


Underfull \hbox (badness 10000) in paragraph at lines 15--16

 []


Underfull \hbox (badness 10000) in paragraph at lines 16--17

 []


Underfull \hbox (badness 10000) in paragraph at lines 17--18

 []


Underfull \hbox (badness 10000) in paragraph at lines 18--19

 []


Underfull \hbox (badness 10000) in paragraph at lines 19--20

 []


Underfull \hbox (badness 10000) in paragraph at lines 20--21

 []


Underfull \hbox (badness 10000) in paragraph at lines 21--22

 []


Underfull \hbox (badness 10000) in paragraph at lines 22--23

 []

[21

]
Underfull \hbox (badness 10000) in paragraph at lines 26--27

 []


Underfull \hbox (badness 10000) in paragraph at lines 29--30

 []


Underfull \hbox (badness 10000) in paragraph at lines 30--31

 []


Underfull \hbox (badness 10000) in paragraph at lines 31--32

 []


Underfull \hbox (badness 10000) in paragraph at lines 32--33

 []


Underfull \hbox (badness 10000) in paragraph at lines 33--34

 []


Underfull \hbox (badness 10000) in paragraph at lines 34--35

 []


Underfull \hbox (badness 10000) in paragraph at lines 35--36

 []


Underfull \hbox (badness 10000) in paragraph at lines 36--37

 []


Underfull \hbox (badness 10000) in paragraph at lines 37--38

 []


Underfull \hbox (badness 10000) in paragraph at lines 38--39

 []


Underfull \hbox (badness 10000) in paragraph at lines 44--44

 []


Overfull \hbox (12.33911pt too wide) in paragraph at lines 44--45
[]\OT1/cmr/m/n/12 timingReports/sniffer[]top[]postRoute[]all.tarpt 
 []


Underfull \hbox (badness 10000) in paragraph at lines 44--45

 []


Underfull \hbox (badness 10000) in paragraph at lines 50--51

 []


Underfull \hbox (badness 10000) in paragraph at lines 56--57

 []

[22]
Underfull \hbox (badness 10000) in paragraph at lines 61--62

 []


Underfull \hbox (badness 10000) in paragraph at lines 62--63

 []


Underfull \hbox (badness 10000) in paragraph at lines 63--64

 []


Underfull \hbox (badness 10000) in paragraph at lines 64--65

 []


Underfull \hbox (badness 10000) in paragraph at lines 65--66

 []


Underfull \hbox (badness 10000) in paragraph at lines 66--67

 []


Underfull \hbox (badness 10000) in paragraph at lines 67--68

 []


Underfull \hbox (badness 10000) in paragraph at lines 68--69

 []


Underfull \hbox (badness 10000) in paragraph at lines 69--70

 []


Underfull \hbox (badness 10000) in paragraph at lines 70--71

 []


Underfull \hbox (badness 10000) in paragraph at lines 71--72

 []


Underfull \hbox (badness 10000) in paragraph at lines 72--73

 []


Underfull \hbox (badness 10000) in paragraph at lines 73--74

 []


Underfull \hbox (badness 10000) in paragraph at lines 74--75

 []


Underfull \hbox (badness 10000) in paragraph at lines 75--76

 []


Underfull \hbox (badness 10000) in paragraph at lines 76--77

 []


Underfull \hbox (badness 10000) in paragraph at lines 77--78

 []


Underfull \hbox (badness 10000) in paragraph at lines 78--79

 []


Underfull \hbox (badness 10000) in paragraph at lines 79--80

 []


Underfull \hbox (badness 10000) in paragraph at lines 80--81

 []


Underfull \hbox (badness 10000) in paragraph at lines 81--82

 []

[23]
Underfull \hbox (badness 10000) in paragraph at lines 82--83

 []


Underfull \hbox (badness 10000) in paragraph at lines 83--84

 []


Underfull \hbox (badness 10000) in paragraph at lines 84--85

 []


Underfull \hbox (badness 10000) in paragraph at lines 91--92

 []


Underfull \hbox (badness 10000) in paragraph at lines 92--93

 []


Underfull \hbox (badness 10000) in paragraph at lines 93--94

 []


Underfull \hbox (badness 10000) in paragraph at lines 94--95

 []


Underfull \hbox (badness 10000) in paragraph at lines 95--96

 []


Underfull \hbox (badness 10000) in paragraph at lines 96--97

 []

) [24]
Appendix B.
<tokenRecognition.png, id=114, 946.53625pt x 461.725pt>
File: tokenRecognition.png Graphic file (type png)

<use tokenRecognition.png>
Package pdftex.def Info: tokenRecognition.png used on input line 268.
(pdftex.def)             Requested size: 460.35791pt x 224.56339pt.
 [25

 <./tokenRecognition.png>]
<usb2.png, id=119, 956.57375pt x 363.3575pt>
File: usb2.png Graphic file (type png)
 <use usb2.png>
Package pdftex.def Info: usb2.png used on input line 277.
(pdftex.def)             Requested size: 460.35791pt x 174.8698pt.
 [26 <./usb2.png>]
<usb3.png, id=124, 906.38625pt x 347.2975pt>
File: usb3.png Graphic file (type png)
 <use usb3.png>
Package pdftex.def Info: usb3.png used on input line 285.
(pdftex.def)             Requested size: 460.35791pt x 176.39337pt.
 [27 <./usb3.png>]
<transparency.png, id=129, 953.5625pt x 423.5825pt>
File: transparency.png Graphic file (type png)
 <use transparency.png>
Package pdftex.def Info: transparency.png used on input line 293.
(pdftex.def)             Requested size: 460.35791pt x 204.50008pt.

[28 <./transparency.png>]
<outputToMicroSD.png, id=134, 964.60374pt x 427.5975pt>
File: outputToMicroSD.png Graphic file (type png)

<use outputToMicroSD.png>
Package pdftex.def Info: outputToMicroSD.png used on input line 301.
(pdftex.def)             Requested size: 460.35791pt x 204.07004pt.
 [29 <./outputToMicroSD.png>] (./finalReport.aux) ) 
Here is how much of TeX's memory you used:
 9526 strings out of 493629
 206892 string characters out of 3145832
 193897 words of memory out of 3000000
 12673 multiletter control sequences out of 15000+200000
 12609 words of font info for 46 fonts, out of 3000000 for 9000
 831 hyphenation exceptions out of 8191
 38i,22n,33p,1746b,898s stack positions out of 5000i,500n,10000p,200000b,50000s
{/package/texlive/2011/x86_6
4-Linux/texmf-dist/fonts/enc/dvips/cm-super/cm-super-ts1.enc}</package/texlive/
2011/x86_64-Linux/texmf-dist/fonts/type1/public/amsfonts/cm/cmbx12.pfb></packag
e/texlive/2011/x86_64-Linux/texmf-dist/fonts/type1/public/amsfonts/cm/cmcsc10.p
fb></package/texlive/2011/x86_64-Linux/texmf-dist/fonts/type1/public/amsfonts/c
m/cmmi12.pfb></package/texlive/2011/x86_64-Linux/texmf-dist/fonts/type1/public/
amsfonts/cm/cmr10.pfb></package/texlive/2011/x86_64-Linux/texmf-dist/fonts/type
1/public/amsfonts/cm/cmr12.pfb></package/texlive/2011/x86_64-Linux/texmf-dist/f
onts/type1/public/amsfonts/cm/cmr7.pfb></package/texlive/2011/x86_64-Linux/texm
f-dist/fonts/type1/public/amsfonts/cm/cmr8.pfb></package/texlive/2011/x86_64-Li
nux/texmf-dist/fonts/type1/public/amsfonts/cm/cmti12.pfb></package/texlive/2011
/x86_64-Linux/texmf-dist/fonts/type1/public/cm-super/sfrm1200.pfb>
Output written on finalReport.pdf (30 pages, 919466 bytes).
PDF statistics:
 170 PDF objects out of 1000 (max. 8388607)
 96 compressed objects within 1 object stream
 0 named destinations out of 1000 (max. 500000)
 81 words of extra memory for PDF output out of 10000 (max. 10000000)

